<?xml version="1.0" encoding="UTF-8"?>
<!-- Generated by org.testng.reporters.JUnitXMLReporter -->
<testsuite hostname="DESKTOP-L1EA06Q" ignored="0" name="Default test" tests="3" failures="0" timestamp="2020-08-28T21:21:29 IST" time="56.369" errors="0">
  <testcase name="verifyEditAccountPageTitleTest" time="2.036" classname="com.qa.test.EditAccountPageTest"/>
  <testcase name="verifyResetBtnTest" time="1.18" classname="com.qa.test.EditAccountPageTest"/>
  <testcase name="verifySubmitBtnTest" time="0.971" classname="com.qa.test.EditAccountPageTest"/>
</testsuite> <!-- Default test -->
