<?xml version="1.0" encoding="UTF-8"?>
<!-- Generated by org.testng.reporters.JUnitXMLReporter -->
<testsuite hostname="DESKTOP-L1EA06Q" ignored="0" name="Default test" tests="4" failures="0" timestamp="2020-09-19T00:55:51 IST" time="35.102" errors="0">
  <testcase name="verifyLoginBtnTest" time="2.078" classname="com.qa.test.LoginPageTest"/>
  <testcase name="verifyLoginPageTitleTest" time="0.013" classname="com.qa.test.LoginPageTest"/>
  <testcase name="verifyLogoTest" time="0.073" classname="com.qa.test.LoginPageTest"/>
  <testcase name="verifyResetBtnTest" time="0.828" classname="com.qa.test.LoginPageTest"/>
</testsuite> <!-- Default test -->
