<?xml version="1.0" encoding="UTF-8"?>
<testng-results skipped="0" failed="0" ignored="0" total="3" passed="3">
  <reporter-output>
  </reporter-output>
  <suite name="Default suite" duration-ms="35993" started-at="2020-09-17T01:39:46 IST" finished-at="2020-09-17T01:40:22 IST">
    <groups>
    </groups>
    <test name="Default test" duration-ms="35993" started-at="2020-09-17T01:39:46 IST" finished-at="2020-09-17T01:40:22 IST">
      <class name="com.qa.test.DeleteAccountPageTest">
        <test-method status="PASS" signature="startUp()[pri:0, instance:com.qa.test.DeleteAccountPageTest@10bbd20a]" name="startUp" is-config="true" duration-ms="10118" started-at="2020-09-17T01:39:47 IST" finished-at="2020-09-17T01:39:57 IST">
          <reporter-output>
          </reporter-output>
        </test-method> <!-- startUp -->
        <test-method status="PASS" signature="verifyDeleteAccountPageTitleTest()[pri:0, instance:com.qa.test.DeleteAccountPageTest@10bbd20a]" name="verifyDeleteAccountPageTitleTest" duration-ms="2167" started-at="2020-09-17T01:39:57 IST" finished-at="2020-09-17T01:39:59 IST">
          <reporter-output>
          </reporter-output>
        </test-method> <!-- verifyDeleteAccountPageTitleTest -->
        <test-method status="PASS" signature="tearDown()[pri:0, instance:com.qa.test.DeleteAccountPageTest@10bbd20a]" name="tearDown" is-config="true" duration-ms="715" started-at="2020-09-17T01:39:59 IST" finished-at="2020-09-17T01:40:00 IST">
          <reporter-output>
          </reporter-output>
        </test-method> <!-- tearDown -->
        <test-method status="PASS" signature="startUp()[pri:0, instance:com.qa.test.DeleteAccountPageTest@10bbd20a]" name="startUp" is-config="true" duration-ms="9188" started-at="2020-09-17T01:40:00 IST" finished-at="2020-09-17T01:40:09 IST">
          <reporter-output>
          </reporter-output>
        </test-method> <!-- startUp -->
        <test-method status="PASS" signature="verifyResetBtnTest()[pri:0, instance:com.qa.test.DeleteAccountPageTest@10bbd20a]" name="verifyResetBtnTest" duration-ms="250" started-at="2020-09-17T01:40:09 IST" finished-at="2020-09-17T01:40:09 IST">
          <reporter-output>
          </reporter-output>
        </test-method> <!-- verifyResetBtnTest -->
        <test-method status="PASS" signature="tearDown()[pri:0, instance:com.qa.test.DeleteAccountPageTest@10bbd20a]" name="tearDown" is-config="true" duration-ms="1212" started-at="2020-09-17T01:40:09 IST" finished-at="2020-09-17T01:40:10 IST">
          <reporter-output>
          </reporter-output>
        </test-method> <!-- tearDown -->
        <test-method status="PASS" signature="startUp()[pri:0, instance:com.qa.test.DeleteAccountPageTest@10bbd20a]" name="startUp" is-config="true" duration-ms="9188" started-at="2020-09-17T01:40:10 IST" finished-at="2020-09-17T01:40:19 IST">
          <reporter-output>
          </reporter-output>
        </test-method> <!-- startUp -->
        <test-method status="PASS" signature="verifySubmitBtnTest()[pri:0, instance:com.qa.test.DeleteAccountPageTest@10bbd20a]" name="verifySubmitBtnTest" duration-ms="2433" started-at="2020-09-17T01:40:19 IST" finished-at="2020-09-17T01:40:22 IST">
          <reporter-output>
          </reporter-output>
        </test-method> <!-- verifySubmitBtnTest -->
        <test-method status="PASS" signature="tearDown()[pri:0, instance:com.qa.test.DeleteAccountPageTest@10bbd20a]" name="tearDown" is-config="true" duration-ms="653" started-at="2020-09-17T01:40:22 IST" finished-at="2020-09-17T01:40:22 IST">
          <reporter-output>
          </reporter-output>
        </test-method> <!-- tearDown -->
      </class> <!-- com.qa.test.DeleteAccountPageTest -->
    </test> <!-- Default test -->
  </suite> <!-- Default suite -->
</testng-results>
